<?xml version="1.0" encoding="UTF-8"?>
<testsuite xmlns:xsi="http://www.w3.org/2001/XMLSchema-instance" xsi:noNamespaceSchemaLocation="https://maven.apache.org/surefire/maven-failsafe-plugin/xsd/failsafe-test-report.xsd" name="org.acme.restclient.CountriesResourceIT" time="1.971" tests="2" errors="0" skipped="0" failures="0">
  <properties>
[...]
</properties>
  <testcase name="testCountryNameEndpoint" classname="org.acme.restclient.CountriesResourceIT" time="1.192"/>
  <testcase name="testCountryNameAsyncEndpoint" classname="org.acme.restclient.CountriesResourceIT" time="0.165"/>
</testsuite>